<?xml version="1.0" encoding="UTF-8"?>
<testng-results ignored="0" total="1" passed="1" failed="0" skipped="0">
  <reporter-output>
  </reporter-output>
  <suite started-at="2023-03-07T13:59:18 CST" name="Suite" finished-at="2023-03-07T13:59:26 CST" duration-ms="8248">
    <groups>
    </groups>
    <test started-at="2023-03-07T13:59:18 CST" name="Test" finished-at="2023-03-07T13:59:26 CST" duration-ms="8248">
      <class name="testSuites.HomePageTestSuite">
        <test-method is-config="true" signature="setUp()[pri:0, instance:testSuites.HomePageTestSuite@5276d6ee]" started-at="2023-03-07T13:59:18 CST" name="setUp" finished-at="2023-03-07T13:59:24 CST" duration-ms="5911" status="PASS">
          <reporter-output>
          </reporter-output>
        </test-method> <!-- setUp -->
        <test-method signature="validatePercyLink()[pri:0, instance:testSuites.HomePageTestSuite@5276d6ee]" started-at="2023-03-07T13:59:24 CST" name="validatePercyLink" finished-at="2023-03-07T13:59:25 CST" duration-ms="1120" status="PASS">
          <reporter-output>
          </reporter-output>
        </test-method> <!-- validatePercyLink -->
        <test-method is-config="true" signature="tearDown(org.testng.ITestResult)[pri:0, instance:testSuites.HomePageTestSuite@5276d6ee]" started-at="2023-03-07T13:59:25 CST" name="tearDown" finished-at="2023-03-07T13:59:26 CST" duration-ms="1184" status="PASS">
          <params>
            <param index="0">
              <value>
                <![CDATA[[TestResult name=validatePercyLink status=SUCCESS method=HomePageTestSuite.validatePercyLink()[pri:0, instance:testSuites.HomePageTestSuite@5276d6ee] output={null}]]]>
              </value>
            </param>
          </params>
          <reporter-output>
          </reporter-output>
        </test-method> <!-- tearDown -->
      </class> <!-- testSuites.HomePageTestSuite -->
    </test> <!-- Test -->
  </suite> <!-- Suite -->
</testng-results>
